$ next dev --turbopack
   ▲ Next.js 15.5.3 (Turbopack)
   - Local:        http://localhost:3000
   - Network:      http://169.254.0.21:3000

 ✓ Starting...
Attention: Next.js now collects completely anonymous telemetry regarding usage.
This information is used to shape Next.js' roadmap and prioritize features.
You can learn more, including how to opt-out if you'd not like to participate in this anonymous program, by visiting the following URL:
https://nextjs.org/telemetry

 ✓ Ready in 1613ms
 ○ Compiling / ...
 ✓ Compiled / in 5.3s
 ⚠ metadataBase property in metadata export is not set for resolving social open graph or twitter images, using "http://localhost:3000". See https://nextjs.org/docs/app/api-reference/functions/generate-metadata#metadatabase
 GET / 200 in 5929ms
 ⚠ Cross origin request detected from resumeai-2.lindy.site to /_next/* resource. In a future major version of Next.js, you will need to explicitly configure "allowedDevOrigins" in next.config to allow this.
Read more: https://nextjs.org/docs/app/api-reference/config/next-config-js/allowedDevOrigins
 ○ Compiling /favicon.ico ...
 ✓ Compiled /favicon.ico in 1196ms
 GET /favicon.ico 200 in 1546ms
 GET / 200 in 184ms
 GET / 200 in 178ms
 GET / 200 in 184ms
 GET / 200 in 199ms
 GET / 200 in 189ms
 GET / 200 in 243ms
 GET / 200 in 191ms
 GET / 200 in 203ms
 GET / 200 in 190ms
 ✓ Compiled /api/analyze-resume in 499ms
 POST /api/analyze-resume 200 in 822ms
 GET / 200 in 199ms
 GET / 200 in 364ms
 GET / 200 in 262ms
 ✓ Compiled in 354ms
   Reload env: .env.local
 ⚠ metadataBase property in metadata export is not set for resolving social open graph or twitter images, using "http://localhost:3000". See https://nextjs.org/docs/app/api-reference/functions/generate-metadata#metadatabase
 GET / 200 in 1632ms
 ⚠ metadataBase property in metadata export is not set for resolving social open graph or twitter images, using "http://localhost:3000". See https://nextjs.org/docs/app/api-reference/functions/generate-metadata#metadatabase
 GET / 200 in 219ms
 GET / 200 in 138ms
 ⚠ metadataBase property in metadata export is not set for resolving social open graph or twitter images, using "http://localhost:3000". See https://nextjs.org/docs/app/api-reference/functions/generate-metadata#metadatabase
 GET / 200 in 230ms
 GET / 200 in 100ms
 ✓ Compiled in 298ms
 ✓ Compiled in 252ms
 ⚠ metadataBase property in metadata export is not set for resolving social open graph or twitter images, using "http://localhost:3000". See https://nextjs.org/docs/app/api-reference/functions/generate-metadata#metadatabase
 GET / 200 in 253ms
